<?xml version="1.0" encoding="UTF-8"?>
<!-- Generated by org.testng.reporters.JUnitXMLReporter -->
<testsuite ignored="3" hostname="DESKTOP-H258E1F" failures="0" tests="0" time="0.051" errors="0" timestamp="2021-08-23T17:05:17 IST">
  <testcase classname="Opportunity.TC_21" name="Opportunity" time="0.0">
    <ignored/>
  </testcase> <!-- Opportunity -->
  <testcase classname="Opportunity.TC_22" name="Opportunity" time="0.0">
    <ignored/>
  </testcase> <!-- Opportunity -->
  <testcase classname="Opportunity.TC_23" name="Opportunity" time="0.0">
    <ignored/>
  </testcase> <!-- Opportunity -->
</testsuite>
