<?xml version="1.0" encoding="UTF-8"?>
<!-- Generated by org.testng.reporters.JUnitXMLReporter -->
<testsuite ignored="2" hostname="DESKTOP-H258E1F" failures="1" tests="2" name="Test" time="382.055" errors="0" timestamp="2021-08-27T12:42:39 IST">
  <testcase classname="Opportunity.TC_21" name="Opportunity" time="163.73">
    <failure type="java.lang.AssertionError" message="expected [true] but found [false]">
      <![CDATA[java.lang.AssertionError: expected [true] but found [false]
at Opportunity.TC_21.Opportunity(TC_21.java:49)
at java.base/java.util.ArrayList.forEach(ArrayList.java:1511)
... Removed 33 stack frames]]>
    </failure>
  </testcase> <!-- Opportunity -->
  <testcase classname="Opportunity.TC_22" name="Opportunity" time="127.935"/>
  <testcase classname="genericLibraries.BaseClass" name="@AfterSuite jdbc_report2" time="0.0">
    <ignored/>
  </testcase> <!-- @AfterSuite jdbc_report2 -->
  <testcase classname="genericLibraries.BaseClass" name="@BeforeSuite jdbc_report" time="0.0">
    <ignored/>
  </testcase> <!-- @BeforeSuite jdbc_report -->
</testsuite> <!-- Test -->
